<?xml version="1.0" encoding="UTF-8"?>
<coverage generated="1662602484862" clover="3.2.0">
  <project timestamp="1662602484862" name="All files">
    <metrics statements="15" coveredstatements="8" conditionals="10" coveredconditionals="7" methods="3" coveredmethods="2" elements="28" coveredelements="17" complexity="0" loc="15" ncloc="15" packages="1" files="1" classes="1"/>
    <file name="util.js" path="C:\CTD\Bimestre 3\Testing\Semana 6\Clase 17\js-testing-introduction-starting-setup\util.js">
      <metrics statements="15" coveredstatements="8" conditionals="10" coveredconditionals="7" methods="3" coveredmethods="2"/>
      <line num="1" count="1" type="stmt"/>
      <line num="3" count="1" type="stmt"/>
      <line num="7" count="1" type="stmt"/>
      <line num="9" count="0" type="stmt"/>
      <line num="10" count="0" type="stmt"/>
      <line num="11" count="0" type="stmt"/>
      <line num="12" count="0" type="stmt"/>
      <line num="15" count="1" type="stmt"/>
      <line num="17" count="1" type="cond" truecount="1" falsecount="1"/>
      <line num="18" count="0" type="stmt"/>
      <line num="20" count="1" type="cond" truecount="3" falsecount="1"/>
      <line num="21" count="0" type="stmt"/>
      <line num="23" count="1" type="cond" truecount="3" falsecount="1"/>
      <line num="24" count="0" type="stmt"/>
      <line num="26" count="1" type="stmt"/>
    </file>
  </project>
</coverage>
