{"C:\\CTD\\Bimestre 3\\Testing\\Semana 6\\Clase 17\\js-testing-introduction-starting-setup\\util.js": {"path":"C:\\CTD\\Bimestre 3\\Testing\\Semana 6\\Clase 17\\js-testing-introduction-starting-setup\\util.js","statementMap":{"0":{"start":{"line":1,"column":0},"end":{"line":4,"column":2}},"1":{"start":{"line":3,"column":2},"end":{"line":3,"column":38}},"2":{"start":{"line":7,"column":0},"end":{"line":13,"column":2}},"3":{"start":{"line":9,"column":21},"end":{"line":9,"column":49}},"4":{"start":{"line":10,"column":2},"end":{"line":10,"column":38}},"5":{"start":{"line":11,"column":2},"end":{"line":11,"column":32}},"6":{"start":{"line":12,"column":2},"end":{"line":12,"column":20}},"7":{"start":{"line":15,"column":0},"end":{"line":27,"column":2}},"8":{"start":{"line":17,"column":2},"end":{"line":19,"column":3}},"9":{"start":{"line":18,"column":4},"end":{"line":18,"column":17}},"10":{"start":{"line":20,"column":2},"end":{"line":22,"column":3}},"11":{"start":{"line":21,"column":4},"end":{"line":21,"column":17}},"12":{"start":{"line":23,"column":2},"end":{"line":25,"column":3}},"13":{"start":{"line":24,"column":4},"end":{"line":24,"column":17}},"14":{"start":{"line":26,"column":2},"end":{"line":26,"column":14}}},"fnMap":{"0":{"name":"(anonymous_0)","decl":{"start":{"line":1,"column":23},"end":{"line":1,"column":24}},"loc":{"start":{"line":1,"column":38},"end":{"line":4,"column":1}},"line":1},"1":{"name":"(anonymous_1)","decl":{"start":{"line":7,"column":24},"end":{"line":7,"column":25}},"loc":{"start":{"line":7,"column":51},"end":{"line":13,"column":1}},"line":7},"2":{"name":"(anonymous_2)","decl":{"start":{"line":15,"column":24},"end":{"line":15,"column":25}},"loc":{"start":{"line":15,"column":54},"end":{"line":27,"column":1}},"line":15}},"branchMap":{"0":{"loc":{"start":{"line":17,"column":2},"end":{"line":19,"column":3}},"type":"if","locations":[{"start":{"line":17,"column":2},"end":{"line":19,"column":3}},{"start":{},"end":{}}],"line":17},"1":{"loc":{"start":{"line":20,"column":2},"end":{"line":22,"column":3}},"type":"if","locations":[{"start":{"line":20,"column":2},"end":{"line":22,"column":3}},{"start":{},"end":{}}],"line":20},"2":{"loc":{"start":{"line":20,"column":6},"end":{"line":20,"column":42}},"type":"binary-expr","locations":[{"start":{"line":20,"column":6},"end":{"line":20,"column":14}},{"start":{"line":20,"column":18},"end":{"line":20,"column":42}}],"line":20},"3":{"loc":{"start":{"line":23,"column":2},"end":{"line":25,"column":3}},"type":"if","locations":[{"start":{"line":23,"column":2},"end":{"line":25,"column":3}},{"start":{},"end":{}}],"line":23},"4":{"loc":{"start":{"line":23,"column":6},"end":{"line":23,"column":31}},"type":"binary-expr","locations":[{"start":{"line":23,"column":6},"end":{"line":23,"column":14}},{"start":{"line":23,"column":18},"end":{"line":23,"column":31}}],"line":23}},"s":{"0":1,"1":1,"2":1,"3":0,"4":0,"5":0,"6":0,"7":1,"8":1,"9":0,"10":1,"11":0,"12":1,"13":0,"14":1},"f":{"0":1,"1":0,"2":1},"b":{"0":[0,1],"1":[0,1],"2":[1,1],"3":[0,1],"4":[1,1]},"_coverageSchema":"1a1c01bbd47fc00a2c39e90264f33305004495a9","hash":"f50d60c41dfdcc0c4db92489d885afa37a719f38"}
}
